\BOOKMARK [1][-]{section.1}{Introduction}{}% 1
\BOOKMARK [1][-]{section.2}{Related Work}{}% 2
\BOOKMARK [1][-]{section.3}{Background}{}% 3
\BOOKMARK [2][-]{subsection.3.1}{Fall-event analysis}{section.3}% 4
\BOOKMARK [2][-]{subsection.3.2}{Fall-patterns based on EPL of Espertech}{section.3}% 5
\BOOKMARK [2][-]{subsection.3.3}{IoT test event generator}{section.3}% 6
\BOOKMARK [1][-]{section.4}{Fall-detection system prototype}{}% 7
\BOOKMARK [2][-]{subsection.4.1}{Architecture}{section.4}% 8
\BOOKMARK [2][-]{subsection.4.2}{Fall simulation test events}{section.4}% 9
\BOOKMARK [2][-]{subsection.4.3}{Sensor fusion}{section.4}% 10
\BOOKMARK [2][-]{subsection.4.4}{Detected problems}{section.4}% 11
\BOOKMARK [1][-]{section.5}{Example application of STAMP as hazard analysis method}{}% 12
\BOOKMARK [2][-]{subsection.5.1}{Introducing STAMP}{section.5}% 13
\BOOKMARK [2][-]{subsection.5.2}{STAMP - Hazard analysis}{section.5}% 14
\BOOKMARK [1][-]{section.6}{Findings with respect to the research questions}{}% 15
\BOOKMARK [2][-]{subsection.6.1}{Will the integration of medical sensors improve the reliability of the fall-detection system?}{section.6}% 16
\BOOKMARK [2][-]{subsection.6.2}{Can the system achieve a high level of acceptance among people?}{section.6}% 17
\BOOKMARK [2][-]{subsection.6.3}{Does the integration of our system as an e-health service in smart cities contribute to an improved quality of life for the population?}{section.6}% 18
\BOOKMARK [2][-]{subsection.6.4}{How does the ECG-signal change during a fall situation? - Can relevant patterns be extracted that lead to a reliable fall-detection?}{section.6}% 19
\BOOKMARK [1][-]{section.7}{Conclusion}{}% 20
