This is pdfTeX, Version 3.14159265-2.6-1.40.19 (TeX Live 2018/W32TeX) (preloaded format=pdflatex 2018.5.8)  19 SEP 2018 13:42
entering extended mode
 restricted \write18 enabled.
 %&-line parsing enabled.
**"A wearable fall-detection system for smart cities.tex"
(./A wearable fall-detection system for smart cities.tex
LaTeX2e <2018-04-01> patch level 4
Babel <3.20> and hyphenation patterns for 84 language(s) loaded.
(./elsarticle.cls
Document Class: elsarticle 2009/09/17, 1.2.0: Elsevier Ltd
\@bls=\dimen102
(c:/texlive/2018/texmf-dist/tex/latex/base/article.cls
Document Class: article 2014/09/29 v1.4h Standard LaTeX document class
(c:/texlive/2018/texmf-dist/tex/latex/base/size10.clo
File: size10.clo 2014/09/29 v1.4h Standard LaTeX file (size option)
)
\c@part=\count80
\c@section=\count81
\c@subsection=\count82
\c@subsubsection=\count83
\c@paragraph=\count84
\c@subparagraph=\count85
\c@figure=\count86
\c@table=\count87
\abovecaptionskip=\skip41
\belowcaptionskip=\skip42
\bibindent=\dimen103
)
(c:/texlive/2018/texmf-dist/tex/latex/graphics/graphicx.sty
Package: graphicx 2017/06/01 v1.1a Enhanced LaTeX Graphics (DPC,SPQR)

(c:/texlive/2018/texmf-dist/tex/latex/graphics/keyval.sty
Package: keyval 2014/10/28 v1.15 key=value parser (DPC)
\KV@toks@=\toks14
)
(c:/texlive/2018/texmf-dist/tex/latex/graphics/graphics.sty
Package: graphics 2017/06/25 v1.2c Standard LaTeX Graphics (DPC,SPQR)

(c:/texlive/2018/texmf-dist/tex/latex/graphics/trig.sty
Package: trig 2016/01/03 v1.10 sin cos tan (DPC)
)
(c:/texlive/2018/texmf-dist/tex/latex/graphics-cfg/graphics.cfg
File: graphics.cfg 2016/06/04 v1.11 sample graphics configuration
)
Package graphics Info: Driver file: pdftex.def on input line 99.

(c:/texlive/2018/texmf-dist/tex/latex/graphics-def/pdftex.def
File: pdftex.def 2018/01/08 v1.0l Graphics/color driver for pdftex
))
\Gin@req@height=\dimen104
\Gin@req@width=\dimen105
)
(c:/texlive/2018/texmf-dist/tex/latex/psnfss/pifont.sty
Package: pifont 2005/04/12 PSNFSS-v9.2a Pi font support (SPQR) 
LaTeX Font Info:    Try loading font information for U+pzd on input line 63.

(c:/texlive/2018/texmf-dist/tex/latex/psnfss/upzd.fd
File: upzd.fd 2001/06/04 font definitions for U/pzd.
)
LaTeX Font Info:    Try loading font information for U+psy on input line 64.

(c:/texlive/2018/texmf-dist/tex/latex/psnfss/upsy.fd
File: upsy.fd 2001/06/04 font definitions for U/psy.
))
\c@tnote=\count88
\c@fnote=\count89
\c@cnote=\count90
\c@ead=\count91
\c@author=\count92
\@eadauthor=\toks15
\c@affn=\count93
\absbox=\box26
\keybox=\box27
\Columnwidth=\dimen106
\space@left=\dimen107
\els@boxa=\box28
\els@boxb=\box29
\leftMargin=\dimen108
\@enLab=\toks16
\@sep=\skip43
\@@sep=\skip44

(./A wearable fall-detection system for smart cities.spl)
(c:/texlive/2018/texmf-dist/tex/latex/natbib/natbib.sty
Package: natbib 2010/09/13 8.31b (PWD, AO)
\bibhang=\skip45
\bibsep=\skip46
LaTeX Info: Redefining \cite on input line 694.
\c@NAT@ctr=\count94
)
\splwrite=\write3
\openout3 = `"A wearable fall-detection system for smart cities.spl"'.

)
(c:/texlive/2018/texmf-dist/tex/latex/lineno/lineno.sty
Package: lineno 2005/11/02 line numbers on paragraphs v4.41
\linenopenalty=\count95
\output=\toks17
\linenoprevgraf=\count96
\linenumbersep=\dimen109
\linenumberwidth=\dimen110
\c@linenumber=\count97
\c@pagewiselinenumber=\count98
\c@LN@truepage=\count99
\c@internallinenumber=\count100
\c@internallinenumbers=\count101
\quotelinenumbersep=\dimen111
\bframerule=\dimen112
\bframesep=\dimen113
\bframebox=\box30
LaTeX Info: Redefining \\ on input line 3056.
)
(c:/texlive/2018/texmf-dist/tex/latex/hyperref/hyperref.sty
Package: hyperref 2018/02/06 v6.86b Hypertext links for LaTeX

(c:/texlive/2018/texmf-dist/tex/generic/oberdiek/hobsub-hyperref.sty
Package: hobsub-hyperref 2016/05/16 v1.14 Bundle oberdiek, subset hyperref (HO)


(c:/texlive/2018/texmf-dist/tex/generic/oberdiek/hobsub-generic.sty
Package: hobsub-generic 2016/05/16 v1.14 Bundle oberdiek, subset generic (HO)
Package: hobsub 2016/05/16 v1.14 Construct package bundles (HO)
Package: infwarerr 2016/05/16 v1.4 Providing info/warning/error messages (HO)
Package: ltxcmds 2016/05/16 v1.23 LaTeX kernel commands for general use (HO)
Package: ifluatex 2016/05/16 v1.4 Provides the ifluatex switch (HO)
Package ifluatex Info: LuaTeX not detected.
Package: ifvtex 2016/05/16 v1.6 Detect VTeX and its facilities (HO)
Package ifvtex Info: VTeX not detected.
Package: intcalc 2016/05/16 v1.2 Expandable calculations with integers (HO)
Package: ifpdf 2017/03/15 v3.2 Provides the ifpdf switch
Package: etexcmds 2016/05/16 v1.6 Avoid name clashes with e-TeX commands (HO)
Package etexcmds Info: Could not find \expanded.
(etexcmds)             That can mean that you are not using pdfTeX 1.50 or
(etexcmds)             that some package has redefined \expanded.
(etexcmds)             In the latter case, load this package earlier.
Package: kvsetkeys 2016/05/16 v1.17 Key value parser (HO)
Package: kvdefinekeys 2016/05/16 v1.4 Define keys (HO)
Package: pdftexcmds 2018/01/30 v0.27 Utility functions of pdfTeX for LuaTeX (HO
)
Package pdftexcmds Info: LuaTeX not detected.
Package pdftexcmds Info: \pdf@primitive is available.
Package pdftexcmds Info: \pdf@ifprimitive is available.
Package pdftexcmds Info: \pdfdraftmode found.
Package: pdfescape 2016/05/16 v1.14 Implements pdfTeX's escape features (HO)
Package: bigintcalc 2016/05/16 v1.4 Expandable calculations on big integers (HO
)
Package: bitset 2016/05/16 v1.2 Handle bit-vector datatype (HO)
Package: uniquecounter 2016/05/16 v1.3 Provide unlimited unique counter (HO)
)
Package hobsub Info: Skipping package `hobsub' (already loaded).
Package: letltxmacro 2016/05/16 v1.5 Let assignment for LaTeX macros (HO)
Package: hopatch 2016/05/16 v1.3 Wrapper for package hooks (HO)
Package: xcolor-patch 2016/05/16 xcolor patch
Package: atveryend 2016/05/16 v1.9 Hooks at the very end of document (HO)
Package atveryend Info: \enddocument detected (standard20110627).
Package: atbegshi 2016/06/09 v1.18 At begin shipout hook (HO)
Package: refcount 2016/05/16 v3.5 Data extraction from label references (HO)
Package: hycolor 2016/05/16 v1.8 Color options for hyperref/bookmark (HO)
)
(c:/texlive/2018/texmf-dist/tex/generic/ifxetex/ifxetex.sty
Package: ifxetex 2010/09/12 v0.6 Provides ifxetex conditional
)
(c:/texlive/2018/texmf-dist/tex/latex/oberdiek/auxhook.sty
Package: auxhook 2016/05/16 v1.4 Hooks for auxiliary files (HO)
)
(c:/texlive/2018/texmf-dist/tex/latex/oberdiek/kvoptions.sty
Package: kvoptions 2016/05/16 v3.12 Key value format for package options (HO)
)
\@linkdim=\dimen114
\Hy@linkcounter=\count102
\Hy@pagecounter=\count103

(c:/texlive/2018/texmf-dist/tex/latex/hyperref/pd1enc.def
File: pd1enc.def 2018/02/06 v6.86b Hyperref: PDFDocEncoding definition (HO)
Now handling font encoding PD1 ...
... no UTF-8 mapping file for font encoding PD1
)
\Hy@SavedSpaceFactor=\count104

(c:/texlive/2018/texmf-dist/tex/latex/latexconfig/hyperref.cfg
File: hyperref.cfg 2002/06/06 v1.2 hyperref configuration of TeXLive
)
Package hyperref Info: Hyper figures OFF on input line 4509.
Package hyperref Info: Link nesting OFF on input line 4514.
Package hyperref Info: Hyper index ON on input line 4517.
Package hyperref Info: Plain pages OFF on input line 4524.
Package hyperref Info: Backreferencing OFF on input line 4529.
Package hyperref Info: Implicit mode ON; LaTeX internals redefined.
Package hyperref Info: Bookmarks ON on input line 4762.
\c@Hy@tempcnt=\count105

(c:/texlive/2018/texmf-dist/tex/latex/url/url.sty
\Urlmuskip=\muskip10
Package: url 2013/09/16  ver 3.4  Verb mode for urls, etc.
)
LaTeX Info: Redefining \url on input line 5115.
\XeTeXLinkMargin=\dimen115
\Fld@menulength=\count106
\Field@Width=\dimen116
\Fld@charsize=\dimen117
Package hyperref Info: Hyper figures OFF on input line 6369.
Package hyperref Info: Link nesting OFF on input line 6374.
Package hyperref Info: Hyper index ON on input line 6377.
Package hyperref Info: backreferencing OFF on input line 6384.
Package hyperref Info: Link coloring OFF on input line 6389.
Package hyperref Info: Link coloring with OCG OFF on input line 6394.
Package hyperref Info: PDF/A mode OFF on input line 6399.
LaTeX Info: Redefining \ref on input line 6439.
LaTeX Info: Redefining \pageref on input line 6443.
\Hy@abspage=\count107
\c@Item=\count108
\c@Hfootnote=\count109
)
Package hyperref Info: Driver (autodetected): hpdftex.

(c:/texlive/2018/texmf-dist/tex/latex/hyperref/hpdftex.def
File: hpdftex.def 2018/02/06 v6.86b Hyperref driver for pdfTeX
\Fld@listcount=\count110
\c@bookmark@seq@number=\count111

(c:/texlive/2018/texmf-dist/tex/latex/oberdiek/rerunfilecheck.sty
Package: rerunfilecheck 2016/05/16 v1.8 Rerun checks for auxiliary files (HO)
Package uniquecounter Info: New unique counter `rerunfilecheck' on input line 2
82.
)
\Hy@SectionHShift=\skip47
)
(c:/texlive/2018/texmf-dist/tex/latex/listings/listings.sty
\lst@mode=\count112
\lst@gtempboxa=\box31
\lst@token=\toks18
\lst@length=\count113
\lst@currlwidth=\dimen118
\lst@column=\count114
\lst@pos=\count115
\lst@lostspace=\dimen119
\lst@width=\dimen120
\lst@newlines=\count116
\lst@lineno=\count117
\lst@maxwidth=\dimen121

(c:/texlive/2018/texmf-dist/tex/latex/listings/lstmisc.sty
File: lstmisc.sty 2015/06/04 1.6 (Carsten Heinz)
\c@lstnumber=\count118
\lst@skipnumbers=\count119
\lst@framebox=\box32
)
(c:/texlive/2018/texmf-dist/tex/latex/listings/listings.cfg
File: listings.cfg 2015/06/04 1.6 listings configuration
))
Package: listings 2015/06/04 1.6 (Carsten Heinz)

(c:/texlive/2018/texmf-dist/tex/latex/amscls/amsthm.sty
Package: amsthm 2017/10/31 v2.20.4
\thm@style=\toks19
\thm@bodyfont=\toks20
\thm@headfont=\toks21
\thm@notefont=\toks22
\thm@headpunct=\toks23
\thm@preskip=\skip48
\thm@postskip=\skip49
\thm@headsep=\skip50
\dth@everypar=\toks24
LaTeX Info: Redefining \qed on input line 274.
)
(c:/texlive/2018/texmf-dist/tex/latex/amsmath/amsmath.sty
Package: amsmath 2017/09/02 v2.17a AMS math features
\@mathmargin=\skip51

For additional information on amsmath, use the `?' option.
(c:/texlive/2018/texmf-dist/tex/latex/amsmath/amstext.sty
Package: amstext 2000/06/29 v2.01 AMS text

(c:/texlive/2018/texmf-dist/tex/latex/amsmath/amsgen.sty
File: amsgen.sty 1999/11/30 v2.0 generic functions
\@emptytoks=\toks25
\ex@=\dimen122
))
(c:/texlive/2018/texmf-dist/tex/latex/amsmath/amsbsy.sty
Package: amsbsy 1999/11/29 v1.2d Bold Symbols
\pmbraise@=\dimen123
)
(c:/texlive/2018/texmf-dist/tex/latex/amsmath/amsopn.sty
Package: amsopn 2016/03/08 v2.02 operator names
)
\inf@bad=\count120
LaTeX Info: Redefining \frac on input line 213.
\uproot@=\count121
\leftroot@=\count122
LaTeX Info: Redefining \overline on input line 375.
\classnum@=\count123
\DOTSCASE@=\count124
LaTeX Info: Redefining \ldots on input line 472.
LaTeX Info: Redefining \dots on input line 475.
LaTeX Info: Redefining \cdots on input line 596.
\Mathstrutbox@=\box33
\strutbox@=\box34
\big@size=\dimen124
LaTeX Font Info:    Redeclaring font encoding OML on input line 712.
LaTeX Font Info:    Redeclaring font encoding OMS on input line 713.
\macc@depth=\count125
\c@MaxMatrixCols=\count126
\dotsspace@=\muskip11
\c@parentequation=\count127
\dspbrk@lvl=\count128
\tag@help=\toks26
\row@=\count129
\column@=\count130
\maxfields@=\count131
\andhelp@=\toks27
\eqnshift@=\dimen125
\alignsep@=\dimen126
\tagshift@=\dimen127
\tagwidth@=\dimen128
\totwidth@=\dimen129
\lineht@=\dimen130
\@envbody=\toks28
\multlinegap=\skip52
\multlinetaggap=\skip53
\mathdisplay@stack=\toks29
LaTeX Info: Redefining \[ on input line 2817.
LaTeX Info: Redefining \] on input line 2818.
)
(c:/texlive/2018/texmf-dist/tex/latex/amsfonts/amssymb.sty
Package: amssymb 2013/01/14 v3.01 AMS font symbols

(c:/texlive/2018/texmf-dist/tex/latex/amsfonts/amsfonts.sty
Package: amsfonts 2013/01/14 v3.01 Basic AMSFonts support
\symAMSa=\mathgroup4
\symAMSb=\mathgroup5
LaTeX Font Info:    Overwriting math alphabet `\mathfrak' in version `bold'
(Font)                  U/euf/m/n --> U/euf/b/n on input line 106.
))
(c:/texlive/2018/texmf-dist/tex/latex/graphics/rotating.sty
Package: rotating 2016/08/11 v2.16d rotated objects in LaTeX

(c:/texlive/2018/texmf-dist/tex/latex/base/ifthen.sty
Package: ifthen 2014/09/29 v1.1c Standard LaTeX ifthen package (DPC)
)
\c@r@tfl@t=\count132
\rotFPtop=\skip54
\rotFPbot=\skip55
\rot@float@box=\box35
\rot@mess@toks=\toks30
)
(c:/texlive/2018/texmf-dist/tex/latex/base/alltt.sty
Package: alltt 1997/06/16 v2.0g defines alltt environment
)
(c:/texlive/2018/texmf-dist/tex/latex/tools/multicol.sty
Package: multicol 2018/04/20 v1.8s multicolumn formatting (FMi)
\c@tracingmulticols=\count133
\mult@box=\box36
\multicol@leftmargin=\dimen131
\c@unbalance=\count134
\c@collectmore=\count135
\doublecol@number=\count136
\multicoltolerance=\count137
\multicolpretolerance=\count138
\full@width=\dimen132
\page@free=\dimen133
\premulticols=\dimen134
\postmulticols=\dimen135
\multicolsep=\skip56
\multicolbaselineskip=\skip57
\partial@page=\box37
\last@line=\box38
\maxbalancingoverflow=\dimen136
\mult@rightbox=\box39
\mult@grightbox=\box40
\mult@gfirstbox=\box41
\mult@firstbox=\box42
\@tempa=\box43
\@tempa=\box44
\@tempa=\box45
\@tempa=\box46
\@tempa=\box47
\@tempa=\box48
\@tempa=\box49
\@tempa=\box50
\@tempa=\box51
\@tempa=\box52
\@tempa=\box53
\@tempa=\box54
\@tempa=\box55
\@tempa=\box56
\@tempa=\box57
\@tempa=\box58
\@tempa=\box59
\c@columnbadness=\count139
\c@finalcolumnbadness=\count140
\last@try=\dimen137
\multicolovershoot=\dimen138
\multicolundershoot=\dimen139
\mult@nat@firstbox=\box60
\colbreak@box=\box61
\mc@col@check@num=\count141
)
(c:/texlive/2018/texmf-dist/tex/latex/booktabs/booktabs.sty
Package: booktabs 2016/04/27 v1.618033 publication quality tables
\heavyrulewidth=\dimen140
\lightrulewidth=\dimen141
\cmidrulewidth=\dimen142
\belowrulesep=\dimen143
\belowbottomsep=\dimen144
\aboverulesep=\dimen145
\abovetopsep=\dimen146
\cmidrulesep=\dimen147
\cmidrulekern=\dimen148
\defaultaddspace=\dimen149
\@cmidla=\count142
\@cmidlb=\count143
\@aboverulesep=\dimen150
\@belowrulesep=\dimen151
\@thisruleclass=\count144
\@lastruleclass=\count145
\@thisrulewidth=\dimen152
)
(c:/texlive/2018/texmf-dist/tex/latex/multirow/multirow.sty
Package: multirow 2016/11/25 v2.2 Span multiple rows of a table
\multirow@colwidth=\skip58
\multirow@cntb=\count146
\multirow@dima=\skip59
\bigstrutjot=\dimen153
)
(c:/texlive/2018/texmf-dist/tex/latex/subfigure/subfigure.sty
Package: subfigure 2002/03/15 v2.1.5 subfigure package
\subfigtopskip=\skip60
\subfigcapskip=\skip61
\subfigcaptopadj=\dimen154
\subfigbottomskip=\skip62
\subfigcapmargin=\dimen155
\subfiglabelskip=\skip63
\c@subfigure=\count147
\c@lofdepth=\count148
\c@subtable=\count149
\c@lotdepth=\count150

****************************************
* Local config file subfigure.cfg used *
****************************************
(c:/texlive/2018/texmf-dist/tex/latex/subfigure/subfigure.cfg)
\subfig@top=\skip64
\subfig@bottom=\skip65
)
(c:/texlive/2018/texmf-dist/tex/latex/graphics/epsfig.sty
Package: epsfig 2017/06/25 v1.7b (e)psfig emulation (SPQR)
\epsfxsize=\dimen156
\epsfysize=\dimen157
)
(c:/texlive/2018/texmf-dist/tex/latex/tools/xspace.sty
Package: xspace 2014/10/28 v1.13 Space after command names (DPC,MH)
)
(c:/texlive/2018/texmf-dist/tex/latex/tipa/tipa.sty
Package: tipa 2002/08/08 TIPA version 1.1

(c:/texlive/2018/texmf-dist/tex/latex/base/fontenc.sty
Package: fontenc 2017/04/05 v2.0i Standard LaTeX package

(c:/texlive/2018/texmf-dist/tex/latex/tipa/t3enc.def
File: t3enc.def 2001/12/31 T3 encoding
Now handling font encoding T3 ...
... no UTF-8 mapping file for font encoding T3
)
(c:/texlive/2018/texmf-dist/tex/latex/base/ot1enc.def
File: ot1enc.def 2017/04/05 v2.0i Standard LaTeX file
LaTeX Font Info:    Redeclaring font encoding OT1 on input line 48.
)))
(c:/texlive/2018/texmf-dist/tex/latex/tools/array.sty
Package: array 2018/04/30 v2.4h Tabular extension package (FMi)
\col@sep=\dimen158
\ar@mcellbox=\box62
\extrarowheight=\dimen159
\NC@list=\toks31
\extratabsurround=\skip66
\backup@length=\skip67
\ar@cellbox=\box63
)
(c:/texlive/2018/texmf-dist/tex/latex/tools/tabularx.sty
Package: tabularx 2016/02/03 v2.11b `tabularx' package (DPC)
\TX@col@width=\dimen160
\TX@old@table=\dimen161
\TX@old@col=\dimen162
\TX@target=\dimen163
\TX@delta=\dimen164
\TX@cols=\count151
\TX@ftn=\toks32
)
(c:/texlive/2018/texmf-dist/tex/latex/graphics/color.sty
Package: color 2016/07/10 v1.1e Standard LaTeX Color (DPC)

(c:/texlive/2018/texmf-dist/tex/latex/graphics-cfg/color.cfg
File: color.cfg 2016/01/02 v1.6 sample color configuration
)
Package color Info: Driver file: pdftex.def on input line 147.
)
(c:/texlive/2018/texmf-dist/tex/latex/float/float.sty
Package: float 2001/11/08 v1.3d Float enhancements (AL)
\c@float@type=\count152
\float@exts=\toks33
\float@box=\box64
\@float@everytoks=\toks34
\@floatcapt=\box65
)
Package color Info: Redefining color blue on input line 19.

(c:/texlive/2018/texmf-dist/tex/latex/xcolor/xcolor.sty
Package: xcolor 2016/05/11 v2.12 LaTeX color extensions (UK)

(c:/texlive/2018/texmf-dist/tex/latex/graphics-cfg/color.cfg
File: color.cfg 2016/01/02 v1.6 sample color configuration
)
Package xcolor Info: Driver file: pdftex.def on input line 225.
LaTeX Info: Redefining \color on input line 709.
Package xcolor Info: Model `cmy' substituted by `cmy0' on input line 1348.
Package xcolor Info: Model `hsb' substituted by `rgb' on input line 1352.
Package xcolor Info: Model `RGB' extended on input line 1364.
Package xcolor Info: Model `HTML' substituted by `rgb' on input line 1366.
Package xcolor Info: Model `Hsb' substituted by `hsb' on input line 1367.
Package xcolor Info: Model `tHsb' substituted by `hsb' on input line 1368.
Package xcolor Info: Model `HSB' substituted by `hsb' on input line 1369.
Package xcolor Info: Model `Gray' substituted by `gray' on input line 1370.
Package xcolor Info: Model `wave' substituted by `hsb' on input line 1371.
)
(./A wearable fall-detection system for smart cities.aux)
\openout1 = `"A wearable fall-detection system for smart cities.aux"'.

LaTeX Font Info:    Checking defaults for OML/cmm/m/it on input line 62.
LaTeX Font Info:    ... okay on input line 62.
LaTeX Font Info:    Checking defaults for T1/cmr/m/n on input line 62.
LaTeX Font Info:    ... okay on input line 62.
LaTeX Font Info:    Checking defaults for OT1/cmr/m/n on input line 62.
LaTeX Font Info:    ... okay on input line 62.
LaTeX Font Info:    Checking defaults for OMS/cmsy/m/n on input line 62.
LaTeX Font Info:    ... okay on input line 62.
LaTeX Font Info:    Checking defaults for OMX/cmex/m/n on input line 62.
LaTeX Font Info:    ... okay on input line 62.
LaTeX Font Info:    Checking defaults for U/cmr/m/n on input line 62.
LaTeX Font Info:    ... okay on input line 62.
LaTeX Font Info:    Checking defaults for PD1/pdf/m/n on input line 62.
LaTeX Font Info:    ... okay on input line 62.
LaTeX Font Info:    Checking defaults for T3/cmr/m/n on input line 62.
LaTeX Font Info:    Try loading font information for T3+cmr on input line 62.

(c:/texlive/2018/texmf-dist/tex/latex/tipa/t3cmr.fd
File: t3cmr.fd 2001/12/31 TIPA font definitions
)
LaTeX Font Info:    ... okay on input line 62.

(c:/texlive/2018/texmf-dist/tex/context/base/mkii/supp-pdf.mkii
[Loading MPS to PDF converter (version 2006.09.02).]
\scratchcounter=\count153
\scratchdimen=\dimen165
\scratchbox=\box66
\nofMPsegments=\count154
\nofMParguments=\count155
\everyMPshowfont=\toks35
\MPscratchCnt=\count156
\MPscratchDim=\dimen166
\MPnumerator=\count157
\makeMPintoPDFobject=\count158
\everyMPtoPDFconversion=\toks36
) (c:/texlive/2018/texmf-dist/tex/latex/oberdiek/epstopdf-base.sty
Package: epstopdf-base 2016/05/15 v2.6 Base part for package epstopdf

(c:/texlive/2018/texmf-dist/tex/latex/oberdiek/grfext.sty
Package: grfext 2016/05/16 v1.2 Manage graphics extensions (HO)
)
Package epstopdf-base Info: Redefining graphics rule for `.eps' on input line 4
38.
Package grfext Info: Graphics extension search list:
(grfext)             [.pdf,.png,.jpg,.mps,.jpeg,.jbig2,.jb2,.PDF,.PNG,.JPG,.JPE
G,.JBIG2,.JB2,.eps]
(grfext)             \AppendGraphicsExtensions on input line 456.

(c:/texlive/2018/texmf-dist/tex/latex/latexconfig/epstopdf-sys.cfg
File: epstopdf-sys.cfg 2010/07/13 v1.3 Configuration of (r)epstopdf for TeX Liv
e
))
\AtBeginShipoutBox=\box67
Package hyperref Info: Link coloring OFF on input line 62.

(c:/texlive/2018/texmf-dist/tex/latex/hyperref/nameref.sty
Package: nameref 2016/05/21 v2.44 Cross-referencing by name of section

(c:/texlive/2018/texmf-dist/tex/generic/oberdiek/gettitlestring.sty
Package: gettitlestring 2016/05/16 v1.5 Cleanup title references (HO)
)
\c@section@level=\count159
)
LaTeX Info: Redefining \ref on input line 62.
LaTeX Info: Redefining \pageref on input line 62.
LaTeX Info: Redefining \nameref on input line 62.

(./A wearable fall-detection system for smart cities.out)
(./A wearable fall-detection system for smart cities.out)
\@outlinefile=\write4
\openout4 = `"A wearable fall-detection system for smart cities.out"'.

\c@lstlisting=\count160
LaTeX Font Info:    Try loading font information for U+msa on input line 102.

(c:/texlive/2018/texmf-dist/tex/latex/amsfonts/umsa.fd
File: umsa.fd 2013/01/14 v3.01 AMS symbols A
)
LaTeX Font Info:    Try loading font information for U+msb on input line 102.

(c:/texlive/2018/texmf-dist/tex/latex/amsfonts/umsb.fd
File: umsb.fd 2013/01/14 v3.01 AMS symbols B
)

Package natbib Warning: Citation `WHO2018' on page 1 undefined on input line 10
7.


Package natbib Warning: Citation `WHO2018' on page 1 undefined on input line 10
9.

<Images/EscalationScheme.png, id=65, 789.70032pt x 551.05875pt>
File: Images/EscalationScheme.png Graphic file (type png)
<use Images/EscalationScheme.png>
Package pdftex.def Info: Images/EscalationScheme.png  used on input line 113.
(pdftex.def)             Requested size: 300.08923pt x 209.4045pt.

Package natbib Warning: Citation `LaBlunda.2016' on page 1 undefined on input l
ine 114.


Package natbib Warning: Citation `LaBlunda.2016b' on page 1 undefined on input 
line 114.

[1


{c:/texlive/2018/texmf-var/fonts/map/pdftex/updmap/pdftex.map}] [2]
LaTeX Font Info:    Try loading font information for OMS+cmr on input line 120.


(c:/texlive/2018/texmf-dist/tex/latex/base/omscmr.fd
File: omscmr.fd 2014/09/29 v2.5h Standard LaTeX font definitions
)
LaTeX Font Info:    Font shape `OMS/cmr/m/n' in size <10> not available
(Font)              Font shape `OMS/cmsy/m/n' tried instead on input line 120.
 [3pdfTeX warning (ext4): destination with the same identifier (name{figure.1})
 has been already used, duplicate ignored

\AtBegShi@Output ...ipout \box \AtBeginShipoutBox 
                                                  \fi \fi 
l.123 	\item H
              ow does the ECG-signal change during a fall situation? - Can r...
 <./Images/EscalationScheme.png>]

Package natbib Warning: Citation `Esper:2016' on page 4 undefined on input line
 127.


Package natbib Warning: Citation `Gutierrez2017' on page 4 undefined on input l
ine 127.


Package natbib Warning: Citation `TesisGutierrez2017' on page 4 undefined on in
put line 127.


Package natbib Warning: Citation `leveson2011engineering' on page 4 undefined o
n input line 127.


Package natbib Warning: Citation `Igual2013' on page 4 undefined on input line 
132.

[4]

Package natbib Warning: Citation `Igual2013' on page 5 undefined on input line 
139.


Package natbib Warning: Citation `Igual2013' on page 5 undefined on input line 
139.


Package natbib Warning: Citation `Li2009' on page 5 undefined on input line 149
.


Package natbib Warning: Citation `Li2009' on page 5 undefined on input line 149
.

[5]
<Images/Stankovic-papa2.pdf, id=110, 597.23125pt x 845.1575pt>
File: Images/Stankovic-papa2.pdf Graphic file (type pdf)
<use Images/Stankovic-papa2.pdf>
Package pdftex.def Info: Images/Stankovic-papa2.pdf  used on input line 152.
(pdftex.def)             Requested size: 209.03406pt x 295.80956pt.


Package natbib Warning: Citation `Li2009' on page 6 undefined on input line 153
.


Package natbib Warning: Citation `Li2009' on page 6 undefined on input line 170
.


Package natbib Warning: Citation `Li2009' on page 6 undefined on input line 170
.


Package natbib Warning: Citation `colladomachine' on page 6 undefined on input 
line 170.

[6pdfTeX warning (ext4): destination with the same identifier (name{figure.2}) 
has been already used, duplicate ignored

\AtBegShi@Output ...ipout \box \AtBeginShipoutBox 
                                                  \fi \fi 
l.171 
       <./Images/Stankovic-papa2.pdf>]

Package natbib Warning: Citation `Luder2009' on page 7 undefined on input line 
172.


Package natbib Warning: Citation `Luder2009' on page 7 undefined on input line 
172.


Package natbib Warning: Citation `Luder2009' on page 7 undefined on input line 
172.


Package natbib Warning: Citation `Gjoreski2014' on page 7 undefined on input li
ne 172.


Package natbib Warning: Citation `Gjoreski2014' on page 7 undefined on input li
ne 172.


Package natbib Warning: Citation `Li2009' on page 7 undefined on input line 172
.


Package natbib Warning: Citation `Gjoreski2014' on page 7 undefined on input li
ne 172.


Package natbib Warning: Citation `Gjoreski2014' on page 7 undefined on input li
ne 172.


Package natbib Warning: Citation `Gjoreski2014' on page 7 undefined on input li
ne 172.

[7]

Package natbib Warning: Citation `Gjoreski2014' on page 8 undefined on input li
ne 181.


Package natbib Warning: Citation `Kozina' on page 8 undefined on input line 181
.

[8]
<Images/KozinaImpact.png, id=141, 226.446pt x 181.27725pt>
File: Images/KozinaImpact.png Graphic file (type png)
<use Images/KozinaImpact.png>
Package pdftex.def Info: Images/KozinaImpact.png  used on input line 196.
(pdftex.def)             Requested size: 226.44543pt x 181.27681pt.


Package natbib Warning: Citation `Kozina' on page 9 undefined on input line 197
.


Package natbib Warning: Citation `Esper:2016' on page 9 undefined on input line
 200.


Package natbib Warning: Citation `Li2009' on page 9 undefined on input line 202
.


Package natbib Warning: Citation `Pannurat2014' on page 9 undefined on input li
ne 202.

[9pdfTeX warning (ext4): destination with the same identifier (name{figure.3}) 
has been already used, duplicate ignored

\AtBegShi@Output ...ipout \box \AtBeginShipoutBox 
                                                  \fi \fi 
l.203 
       <./Images/KozinaImpact.PNG>]

Package natbib Warning: Citation `Esper:2016' on page 10 undefined on input lin
e 207.

(c:/texlive/2018/texmf-dist/tex/latex/listings/lstlang1.sty
File: lstlang1.sty 2015/06/04 1.6 listings language file
)
Package hyperref Info: bookmark level for unknown lstlisting defaults to 0 on i
nput line 219.


Package natbib Warning: Citation `Kozina' on page 10 undefined on input line 21
9.

LaTeX Font Info:    Font shape `OT1/cmtt/bx/n' in size <8> not available
(Font)              Font shape `OT1/cmtt/m/n' tried instead on input line 222.
[10]

Package natbib Warning: Citation `TesisGutierrez2017' on page 11 undefined on i
nput line 248.


Package natbib Warning: Citation `Gutierrez2017' on page 11 undefined on input 
line 248.

[11]
<Images/IoT-EGArquitecture.png, id=182, 245.718pt x 327.624pt>
File: Images/IoT-EGArquitecture.png Graphic file (type png)
<use Images/IoT-EGArquitecture.png>
Package pdftex.def Info: Images/IoT-EGArquitecture.png  used on input line 256.

(pdftex.def)             Requested size: 172.00142pt x 229.33522pt.


Package natbib Warning: Citation `TesisGutierrez2017' on page 12 undefined on i
nput line 257.


Package natbib Warning: Citation `Gutierrez2017' on page 12 undefined on input 
line 257.


Package natbib Warning: Citation `TesisGutierrez2017' on page 12 undefined on i
nput line 262.


Package natbib Warning: Citation `Gutierrez2017' on page 12 undefined on input 
line 262.


Package natbib Warning: Citation `TesisGutierrez2017' on page 12 undefined on i
nput line 265.


Package natbib Warning: Citation `gutierrez2018' on page 12 undefined on input 
line 265.


Package natbib Warning: Citation `jia2011' on page 12 undefined on input line 2
66.

[12pdfTeX warning (ext4): destination with the same identifier (name{figure.4})
 has been already used, duplicate ignored

\AtBegShi@Output ...ipout \box \AtBeginShipoutBox 
                                                  \fi \fi 
l.270 	\item L
              ack of data for testing, <./Images/IoT-EGArquitecture.png>]
(c:/texlive/2018/texmf-dist/tex/latex/listings/lstlang1.sty
File: lstlang1.sty 2015/06/04 1.6 listings language file
)
(c:/texlive/2018/texmf-dist/tex/latex/listings/lstmisc.sty
File: lstmisc.sty 2015/06/04 1.6 (Carsten Heinz)
)

Package natbib Warning: Citation `LaBlunda.2016' on page 13 undefined on input 
line 314.


Package natbib Warning: Citation `LaBlunda.2016b' on page 13 undefined on input
 line 314.


Package natbib Warning: Citation `LaBlunda.2016' on page 13 undefined on input 
line 314.


Package natbib Warning: Citation `LaBlunda.2016b' on page 13 undefined on input
 line 314.


Package natbib Warning: Citation `jamsa2014fall' on page 13 undefined on input 
line 314.

<Images/belt.png, id=192, 823.57687pt x 249.93375pt>
File: Images/belt.png Graphic file (type png)
<use Images/belt.png>
Package pdftex.def Info: Images/belt.png  used on input line 317.
(pdftex.def)             Requested size: 341.77803pt x 103.72057pt.

Package natbib Warning: Citation `LaBlunda.2016' on page 13 undefined on input 
line 318.


Package natbib Warning: Citation `LaBlunda.2016b' on page 13 undefined on input
 line 318.

[13] [14pdfTeX warning (ext4): destination with the same identifier (name{figur
e.5}) has been already used, duplicate ignored

\AtBegShi@Output ...ipout \box \AtBeginShipoutBox 
                                                  \fi \fi 
l.328 	\item \textbf
                    {X-Acceleration} $\rightarrow$ represents the accelerati...
 <./Images/belt.png>]
<images/axis.png, id=224, 1115.66812pt x 936.49875pt>
File: images/axis.png Graphic file (type png)
<use images/axis.png>
Package pdftex.def Info: images/axis.png  used on input line 336.
(pdftex.def)             Requested size: 351.43732pt x 294.99866pt.

Overfull \hbox (6.43732pt too wide) in paragraph at lines 336--337
 [][] 
 []


Package natbib Warning: Citation `LaBlunda.2016' on page 15 undefined on input 
line 337.


Package natbib Warning: Citation `LuigiMasterThesis' on page 15 undefined on in
put line 337.


Package natbib Warning: Citation `Kozina' on page 15 undefined on input line 34
1.

[15]

Package natbib Warning: Citation `FallRepo' on page 16 undefined on input line 
350.

[16pdfTeX warning (ext4): destination with the same identifier (name{figure.6})
 has been already used, duplicate ignored

\AtBegShi@Output ...ipout \box \AtBeginShipoutBox 
                                                  \fi \fi 
l.360 
       <./Images/axis.png>]

Package natbib Warning: Citation `Luder2009' on page 17 undefined on input line
 372.

(./table-FAW.tex
Overfull \hbox (5.4335pt too wide) in paragraph at lines 28--28
 []|\OT1/cmr/m/sc/10 Time 
 []


Overfull \hbox (10.21661pt too wide) in paragraph at lines 28--28
 []\OT1/cmr/m/n/10 ($\OML/cmm/m/it/10 s:ms$\OT1/cmr/m/n/10 )| 
 []


Overfull \hbox (15.08061pt too wide) in paragraph at lines 28--28
 []|\OT1/cmr/m/sc/10 Accel. 
 []


Overfull \hbox (12.23747pt too wide) in paragraph at lines 28--28
 []\OT1/cmr/m/n/10 ($\OML/cmm/m/it/10 m=s[]$\OT1/cmr/m/n/10 )| 
 []


Overfull \hbox (5.4335pt too wide) in paragraph at lines 28--28
 []|\OT1/cmr/m/sc/10 Time 
 []


Overfull \hbox (10.21661pt too wide) in paragraph at lines 28--28
 []\OT1/cmr/m/n/10 ($\OML/cmm/m/it/10 s:ms$\OT1/cmr/m/n/10 )| 
 []


Overfull \hbox (15.08061pt too wide) in paragraph at lines 28--28
 []|\OT1/cmr/m/sc/10 Accel. 
 []


Overfull \hbox (12.23747pt too wide) in paragraph at lines 28--28
 []\OT1/cmr/m/n/10 ($\OML/cmm/m/it/10 m=s[]$\OT1/cmr/m/n/10 )| 
 []


Package xcolor Warning: Incompatible color definition on input line 28.


Package xcolor Warning: Incompatible color definition on input line 28.


Package xcolor Warning: Incompatible color definition on input line 28.


Package xcolor Warning: Incompatible color definition on input line 28.


Package xcolor Warning: Incompatible color definition on input line 28.


Package xcolor Warning: Incompatible color definition on input line 28.


Package xcolor Warning: Incompatible color definition on input line 28.


Overfull \hbox (10.62125pt too wide) in alignment at lines 28--28
[][][][][][] 
 []

) [17]
<Images/TwoFallsComparative.png, id=254, 1115.16624pt x 662.475pt>
File: Images/TwoFallsComparative.png Graphic file (type png)
<use Images/TwoFallsComparative.png>
Package pdftex.def Info: Images/TwoFallsComparative.png  used on input line 389
.
(pdftex.def)             Requested size: 278.79088pt x 165.61835pt.
 [18pdfTeX warning (ext4): destination with the same identifier (name{table.1})
 has been already used, duplicate ignored

\AtBegShi@Output ...ipout \box \AtBeginShipoutBox 
                                                  \fi \fi 
l.397 	\item
             the variation of its values while the person is walking. We hav...
pdfTeX warning (ext4): destination with the same identifier (name{figure.7}) ha
s been already used, duplicate ignored

\AtBegShi@Output ...ipout \box \AtBeginShipoutBox 
                                                  \fi \fi 
l.397 	\item
             the variation of its values while the person is walking. We hav...
 <./Images/TwoFallsComparative.png>]

Package natbib Warning: Citation `TesisGutierrez2017' on page 19 undefined on i
nput line 418.


Package natbib Warning: Citation `Gutierrez2017' on page 19 undefined on input 
line 418.

[19] [20] [21] [22]
<Images/IoTTEGFAWGeneratedEvents.png, id=322, 1159.33125pt x 678.535pt>
File: Images/IoTTEGFAWGeneratedEvents.png Graphic file (type png)
<use Images/IoTTEGFAWGeneratedEvents.png>
Package pdftex.def Info: Images/IoTTEGFAWGeneratedEvents.png  used on input lin
e 518.
(pdftex.def)             Requested size: 301.41902pt x 176.41493pt.


Package natbib Warning: Citation `Igual2013' on page 23 undefined on input line
 525.


Package natbib Warning: Citation `Li2009' on page 23 undefined on input line 52
5.


Package natbib Warning: Citation `Luder2009' on page 23 undefined on input line
 525.


Package natbib Warning: Citation `Pannurat2014' on page 23 undefined on input l
ine 525.


Package natbib Warning: Citation `jamsa2014fall' on page 23 undefined on input 
line 525.


Package natbib Warning: Citation `Gjoreski2014' on page 23 undefined on input l
ine 525.


Package natbib Warning: Citation `Gjoreski2014' on page 23 undefined on input l
ine 525.

<Images/ECG-BAN.png, id=323, 1058.95625pt x 589.20125pt>
File: Images/ECG-BAN.png Graphic file (type png)
<use Images/ECG-BAN.png>
Package pdftex.def Info: Images/ECG-BAN.png  used on input line 528.
(pdftex.def)             Requested size: 307.08945pt x 170.86398pt.
[23pdfTeX warning (ext4): destination with the same identifier (name{figure.8})
 has been already used, duplicate ignored

\AtBegShi@Output ...ipout \box \AtBeginShipoutBox 
                                                  \fi \fi 
l.533 
       <./Images/IoTTEGFAWGeneratedEvents.png>]

Package natbib Warning: Citation `Gjoreski2014' on page 24 undefined on input l
ine 534.

[24pdfTeX warning (ext4): destination with the same identifier (name{figure.9})
 has been already used, duplicate ignored

\AtBegShi@Output ...ipout \box \AtBeginShipoutBox 
                                                  \fi \fi 
l.535 
       <./Images/ECG-BAN.png>]
<Images/ECG-Harness.png, id=338, 639.38875pt x 495.8525pt>
File: Images/ECG-Harness.png Graphic file (type png)
<use Images/ECG-Harness.png>
Package pdftex.def Info: Images/ECG-Harness.png  used on input line 539.
(pdftex.def)             Requested size: 204.60857pt x 158.67604pt.


Package natbib Warning: Citation `DrNicoletteWagner' on page 25 undefined on in
put line 543.


Package natbib Warning: Citation `Antonicelli-ECG' on page 25 undefined on inpu
t line 543.


Package natbib Warning: Citation `Antonicelli-ECG' on page 25 undefined on inpu
t line 543.


Package natbib Warning: Citation `Li2009' on page 25 undefined on input line 54
3.


Package natbib Warning: Citation `Pannurat2014' on page 25 undefined on input l
ine 543.


Package natbib Warning: Citation `FatimaMasterThesis' on page 25 undefined on i
nput line 543.

[25pdfTeX warning (ext4): destination with the same identifier (name{figure.10}
) has been already used, duplicate ignored

\AtBegShi@Output ...ipout \box \AtBeginShipoutBox 
                                                  \fi \fi 
l.550 
       <./Images/ECG-Harness.png>] [26] (./table-Synchro.tex
Overfull \hbox (5.4335pt too wide) in paragraph at lines 40--40
 []|\OT1/cmr/m/sc/10 Time 
 []


Overfull \hbox (10.21661pt too wide) in paragraph at lines 40--40
 []\OT1/cmr/m/n/10 ($\OML/cmm/m/it/10 s:ms$\OT1/cmr/m/n/10 )| 
 []


Overfull \hbox (15.08061pt too wide) in paragraph at lines 40--40
 []|\OT1/cmr/m/sc/10 Accel. 
 []


Overfull \hbox (12.23747pt too wide) in paragraph at lines 40--40
 []\OT1/cmr/m/n/10 ($\OML/cmm/m/it/10 m=s[]$\OT1/cmr/m/n/10 )| 
 []


Overfull \hbox (5.4335pt too wide) in paragraph at lines 40--40
 []|\OT1/cmr/m/sc/10 Time 
 []


Overfull \hbox (10.21661pt too wide) in paragraph at lines 40--40
 []\OT1/cmr/m/n/10 ($\OML/cmm/m/it/10 s:ms$\OT1/cmr/m/n/10 )| 
 []


Overfull \hbox (15.08061pt too wide) in paragraph at lines 40--40
 []|\OT1/cmr/m/sc/10 Accel. 
 []


Overfull \hbox (12.23747pt too wide) in paragraph at lines 40--40
 []\OT1/cmr/m/n/10 ($\OML/cmm/m/it/10 m=s[]$\OT1/cmr/m/n/10 )| 
 []


Overfull \hbox (10.62125pt too wide) in alignment at lines 40--40
[][][][][][] 
 []

)
<Images/synchronisation1.png, id=354, 1171.37625pt x 705.63625pt>
File: Images/synchronisation1.png Graphic file (type png)
<use Images/synchronisation1.png>
Package pdftex.def Info: Images/synchronisation1.png  used on input line 587.
(pdftex.def)             Requested size: 269.41087pt x 162.29292pt.
 [27pdfTeX warning (ext4): destination with the same identifier (name{table.2})
 has been already used, duplicate ignored

\AtBegShi@Output ...ipout \box \AtBeginShipoutBox 
                                                  \fi \fi 
l.593  \item O
              n the other hand, some sensors transmit more data than the oth...
]
<Images/synchronisation2.png, id=360, 1059.96pt x 619.31375pt>
File: Images/synchronisation2.png Graphic file (type png)
<use Images/synchronisation2.png>
Package pdftex.def Info: Images/synchronisation2.png  used on input line 596.
(pdftex.def)             Requested size: 275.5831pt x 161.01778pt.
 [28pdfTeX warning (ext4): destination with the same identifier (name{figure.11
}) has been already used, duplicate ignored

\AtBegShi@Output ...ipout \box \AtBeginShipoutBox 
                                                  \fi \fi 
l.600 \end{itemize}
                   pdfTeX warning (ext4): destination with the same identifier 
(name{figure.12}) has been already used, duplicate ignored

\AtBegShi@Output ...ipout \box \AtBeginShipoutBox 
                                                  \fi \fi 
l.600 \end{itemize}
                    <./Images/synchronisation1.png> <./Images/synchronisation2.
png>]
<Images/NormalECG1.png, id=369, 1221.81468pt x 703.87968pt>
File: Images/NormalECG1.png Graphic file (type png)
<use Images/NormalECG1.png>
Package pdftex.def Info: Images/NormalECG1.png  used on input line 607.
(pdftex.def)             Requested size: 329.89438pt x 190.05005pt.


Package natbib Warning: Citation `ECGNoise' on page 29 undefined on input line 
611.


Package natbib Warning: Citation `DrNicoletteWagner' on page 29 undefined on in
put line 611.

[29pdfTeX warning (ext4): destination with the same identifier (name{figure.13}
) has been already used, duplicate ignored

\AtBegShi@Output ...ipout \box \AtBeginShipoutBox 
                                                  \fi \fi 
l.615 
       <./Images/NormalECG1.png>]

Package natbib Warning: Citation `international2005medical' on page 30 undefine
d on input line 621.


Package natbib Warning: Citation `STAMPThesis' on page 30 undefined on input li
ne 621.


Package natbib Warning: Citation `leveson2011engineering' on page 30 undefined 
on input line 623.

[30]
<images/STAMP_OVERVIEW.png, id=380, 904.37875pt x 574.145pt>
File: images/STAMP_OVERVIEW.png Graphic file (type png)
<use images/STAMP_OVERVIEW.png>
Package pdftex.def Info: images/STAMP_OVERVIEW.png  used on input line 637.
(pdftex.def)             Requested size: 325.57611pt x 206.69203pt.


Package natbib Warning: Citation `leveson2011engineering' on page 31 undefined 
on input line 638.

[31]
<images/STAMP_SynchError.png, id=388, 906.38625pt x 817.0525pt>
File: images/STAMP_SynchError.png Graphic file (type png)
<use images/STAMP_SynchError.png>
Package pdftex.def Info: images/STAMP_SynchError.png  used on input line 662.
(pdftex.def)             Requested size: 317.23993pt x 285.97266pt.
 [32pdfTeX warning (ext4): destination with the same identifier (name{figure.14
}) has been already used, duplicate ignored

\AtBegShi@Output ...ipout \box \AtBeginShipoutBox 
                                                  \fi \fi 
l.666 
       <./Images/STAMP_OVERVIEW.png>]
<Images/STAMP2+3level(3).png, id=396, 476.982pt x 632.96475pt>
File: Images/STAMP2+3level(3).png Graphic file (type png)
<use Images/STAMP2+3level(3).png>
Package pdftex.def Info: Images/STAMP2+3level(3).png  used on input line 670.
(pdftex.def)             Requested size: 257.56644pt x 341.79587pt.
 [33pdfTeX warning (ext4): destination with the same identifier (name{figure.15
}) has been already used, duplicate ignored

\AtBegShi@Output ...ipout \box \AtBeginShipoutBox 
                                                  \fi \fi 
l.674 
       <./Images/STAMP_SynchError.png>] [34pdfTeX warning (ext4): destination w
ith the same identifier (name{figure.16}) has been already used, duplicate igno
red

\AtBegShi@Output ...ipout \box \AtBeginShipoutBox 
                                                  \fi \fi 
l.676 	
        <./Images/STAMP2+3level(3).png>]
<Images/STAMP4+5level(2).png, id=413, 818.05624pt x 1082.0425pt>
File: Images/STAMP4+5level(2).png Graphic file (type png)
<use Images/STAMP4+5level(2).png>
Package pdftex.def Info: Images/STAMP4+5level(2).png  used on input line 679.
(pdftex.def)             Requested size: 278.13544pt x 367.88959pt.
 [35] [36pdfTeX warning (ext4): destination with the same identifier (name{figu
re.17}) has been already used, duplicate ignored

\AtBegShi@Output ...ipout \box \AtBeginShipoutBox 
                                                  \fi \fi 
l.690 		\item
              Second level control structure $\rightarrow$ to avoid data los...
 <./Images/STAMP4+5level(2).png>] [37]

Package natbib Warning: Citation `Gjoreski2014' on page 38 undefined on input l
ine 710.


Package natbib Warning: Citation `Gutierrez2017' on page 38 undefined on input 
line 710.


Package natbib Warning: Citation `TesisGutierrez2017' on page 38 undefined on i
nput line 710.


Package natbib Warning: Citation `Kozina' on page 38 undefined on input line 71
0.


Package natbib Warning: Citation `Gutierrez2017' on page 38 undefined on input 
line 710.


Package natbib Warning: Citation `TesisGutierrez2017' on page 38 undefined on i
nput line 710.


Package natbib Warning: Citation `Gutierrez2017' on page 38 undefined on input 
line 710.


Package natbib Warning: Citation `TesisGutierrez2017' on page 38 undefined on i
nput line 710.

[38] (./A wearable fall-detection system for smart cities.bbl

Package natbib Warning: Empty `thebibliography' environment on input line 8.

)

Package natbib Warning: There were undefined citations.

Package atveryend Info: Empty hook `BeforeClearDocument' on input line 729.
[39]
Package atveryend Info: Empty hook `AfterLastShipout' on input line 729.
 (./A wearable fall-detection system for smart cities.aux)
Package atveryend Info: Executing hook `AtVeryEndDocument' on input line 729.
Package atveryend Info: Executing hook `AtEndAfterFileList' on input line 729.
Package rerunfilecheck Info: File `"A wearable fall-detection system for smart 
cities".out' has not changed.
(rerunfilecheck)             Checksum: 9B665EF2EE4BA952442177B8A410DC7A;964.
Package atveryend Info: Empty hook `AtVeryVeryEnd' on input line 729.
 ) 
Here is how much of TeX's memory you used:
 11078 strings out of 492649
 150920 string characters out of 6133385
 275253 words of memory out of 5000000
 14607 multiletter control sequences out of 15000+600000
 12554 words of font info for 48 fonts, out of 8000000 for 9000
 1141 hyphenation exceptions out of 8191
 34i,18n,51p,2378b,2094s stack positions out of 5000i,500n,10000p,200000b,80000s
<c:/texlive/2018/texmf-dist/fonts/type1/public/amsfonts/cm/cmbx10.pfb><c:/tex
live/2018/texmf-dist/fonts/type1/public/amsfonts/cm/cmbx8.pfb><c:/texlive/2018/
texmf-dist/fonts/type1/public/amsfonts/cm/cmcsc10.pfb><c:/texlive/2018/texmf-di
st/fonts/type1/public/amsfonts/cm/cmex10.pfb><c:/texlive/2018/texmf-dist/fonts/
type1/public/amsfonts/cm/cmitt10.pfb><c:/texlive/2018/texmf-dist/fonts/type1/pu
blic/amsfonts/cm/cmmi10.pfb><c:/texlive/2018/texmf-dist/fonts/type1/public/amsf
onts/cm/cmmi7.pfb><c:/texlive/2018/texmf-dist/fonts/type1/public/amsfonts/cm/cm
r10.pfb><c:/texlive/2018/texmf-dist/fonts/type1/public/amsfonts/cm/cmr12.pfb><c
:/texlive/2018/texmf-dist/fonts/type1/public/amsfonts/cm/cmr7.pfb><c:/texlive/2
018/texmf-dist/fonts/type1/public/amsfonts/cm/cmr8.pfb><c:/texlive/2018/texmf-d
ist/fonts/type1/public/amsfonts/cm/cmsy10.pfb><c:/texlive/2018/texmf-dist/fonts
/type1/public/amsfonts/cm/cmsy8.pfb><c:/texlive/2018/texmf-dist/fonts/type1/pub
lic/amsfonts/cm/cmti10.pfb><c:/texlive/2018/texmf-dist/fonts/type1/public/amsfo
nts/cm/cmti7.pfb><c:/texlive/2018/texmf-dist/fonts/type1/public/amsfonts/cm/cmt
i8.pfb><c:/texlive/2018/texmf-dist/fonts/type1/public/amsfonts/cm/cmtt10.pfb><c
:/texlive/2018/texmf-dist/fonts/type1/public/amsfonts/cm/cmtt8.pfb>
Output written on "A wearable fall-detection system for smart cities.pdf" (39 p
ages, 1799286 bytes).
PDF statistics:
 541 PDF objects out of 1000 (max. 8388607)
 435 compressed objects within 5 object streams
 154 named destinations out of 1000 (max. 500000)
 206 words of extra memory for PDF output out of 10000 (max. 10000000)

